
[2026-02-23T00:24:20.216801+00:00] action=sync_broker

[2026-02-23T00:24:20.218542+00:00] action=refresh_learning
Learning feedback: resolved 0 new route outcomes, refreshed 2 source stats
Source ranker: scored 3 sources
/Users/curtiscorum/Library/Python/3.9/lib/python/site-packages/urllib3/__init__.py:35: NotOpenSSLWarning: urllib3 v2 only supports OpenSSL 1.1.1+, currently the 'ssl' module is compiled with 'LibreSSL 2.8.3'. See: https://github.com/urllib3/urllib3/issues/3020
  warnings.warn(

[2026-02-23T04:21:27.217231+00:00] action=validate_signals
═══════════════════════════════════════════════════
  TRADER CURTIS - SIGNAL VALIDATION (NO EXECUTION)
═══════════════════════════════════════════════════
🔍 SCANNING STOCKTWITS...
🔍 TRADER CURTIS - SENTIMENT SCAN

📊 WATCHLIST SENTIMENT:


📈 TRENDING ON STOCKTWITS:

Could not fetch trending

🎯 TRADING SIGNALS:


✅ Scan complete
🔍 SCANNING REDDIT...
🔍 REDDIT SENTIMENT SCAN

📱 r/wallstreetbets:
  $GOOGL: 1 mentions, 51⬆️
  $SRAD: 2 mentions, 12⬆️
  $AVPT: 2 mentions, 0⬆️
  $FLNC: 1 mentions, 8⬆️
  $AESC: 1 mentions, 8⬆️

📱 r/stocks:
  $NAVN: 1 mentions, 161⬆️
  $PAR: 1 mentions, 161⬆️
  $VERX: 1 mentions, 161⬆️
  $MSFT: 1 mentions, 161⬆️
  $VRNS: 1 mentions, 161⬆️

📱 r/investing:

📊 TOP MENTIONS ACROSS REDDIT:

$NAVN: 1 mentions, 161⬆️ [stocks]
$PAR: 1 mentions, 161⬆️ [stocks]
$VERX: 1 mentions, 161⬆️ [stocks]
$MSFT: 1 mentions, 161⬆️ [stocks]
$VRNS: 1 mentions, 161⬆️ [stocks]
$GOOGL: 1 mentions, 51⬆️ [wallstreetbets]
$SRAD: 2 mentions, 12⬆️ [wallstreetbets]
$FLNC: 1 mentions, 8⬆️ [wallstreetbets]
$AESC: 1 mentions, 8⬆️ [wallstreetbets]
$AVPT: 2 mentions, 0⬆️ [wallstreetbets]

✅ Reddit scan complete
🔗 PIPELINE D (BOOKMARKS)...
Pipeline D: processed 17 URLs, inserted 0 thesis records, promoted 0 ideas (promotion disabled)
⚡ PIPELINE A (LIQUIDITY)...
Pipeline A: created 0 scalp signals
📈 CHART LIQUIDITY...
CHART_LIQUIDITY: created 0 directional signals
🗳️ POLYMARKET PIPELINE...
POLYMARKET: fetched=180 stored=180 candidates=186
🧬 PIPELINE B (INNOVATION)...
Pipeline B: created 5 long-term signals
🚨 EVENT ALERT ENGINE...
Event alert engine: inserted 2 alerts
🌍 PIPELINE C (EVENT ALPHA)...
Pipeline C: created 2 event signals
🧠 GENERATE CANDIDATES...
Generated 12 trade candidates
🛡️ ROUTE ONLY (PAPER MODE)...
Routed 12 candidates (5 approved, 7 blocked) in paper mode
📚 REFRESH LEARNING + SCORES...
Learning feedback: cleaned 0 placeholders, backfilled 0 route links, resolved 0 new route outcomes, refreshed 4 source stats, 2 strategy stats
Source ranker: scored 4 sources
✅ SIGNAL VALIDATION COMPLETE (NO EXECUTION CALLED)
