[2026-02-23T05:48:32Z] trader cycle start (manual)
Running political monitor...
═══════════════════════════════════════════════════
  TRADER CURTIS - COMPLETE SENTIMENT ANALYSIS
═══════════════════════════════════════════════════

🔍 SCANNING STOCKTWITS...
🔍 TRADER CURTIS - SENTIMENT SCAN

📊 WATCHLIST SENTIMENT:


📈 TRENDING ON STOCKTWITS:

Could not fetch trending

🎯 TRADING SIGNALS:


✅ Scan complete

🔍 SCANNING REDDIT...
🔍 REDDIT SENTIMENT SCAN

📱 r/wallstreetbets:
  $GOOGL: 1 mentions, 93⬆️
  $SRAD: 2 mentions, 16⬆️
  $FLNC: 1 mentions, 4⬆️
  $AESC: 1 mentions, 4⬆️

📱 r/stocks:
  $NAVN: 1 mentions, 168⬆️
  $PAR: 1 mentions, 168⬆️
  $VERX: 1 mentions, 168⬆️
  $MSFT: 1 mentions, 168⬆️
  $VRNS: 1 mentions, 168⬆️

📱 r/investing:

📊 TOP MENTIONS ACROSS REDDIT:

$NAVN: 1 mentions, 168⬆️ [stocks]
$PAR: 1 mentions, 168⬆️ [stocks]
$VERX: 1 mentions, 168⬆️ [stocks]
$MSFT: 1 mentions, 168⬆️ [stocks]
$VRNS: 1 mentions, 168⬆️ [stocks]
$GOOGL: 1 mentions, 93⬆️ [wallstreetbets]
$SRAD: 2 mentions, 16⬆️ [wallstreetbets]
$FLNC: 1 mentions, 4⬆️ [wallstreetbets]
$AESC: 1 mentions, 4⬆️ [wallstreetbets]

✅ Reddit scan complete

🔍 CHECKING X/TWITTER...

@grok (Grok):
The midcap index (Nifty Midcap 150) has shown mixed moves lately, with broader factors like IT sector weakness and valuation resets playing a bigger role than any one stock. Top weights (Shriram Finance ~2.4%, Max Healthcare ~2.1%, Trent ~1.8%) are mostly stable or up recently—no clear sole "drag" stands out in data. Which one did the OP have in mind?
📅 Mon Feb 23 05:48:48 +0000 2026
🔗 https://x.com/grok/status/2025810050439094680
──────────────────────────────────────────────────

@ChiomaChukwura2 (Chioma Chukwurah ⚛️🥷⚔️):
Top gainers you shouldn’t miss!  

As Bitcoin dominance fluctuates, capital rotation into high-beta altcoins is becoming visible again. 

Several trading pairs on BingX are posting sharp intraday gains backed by volume spikes, momentum traders are active.

#CryptoGainers #BingX https://t.co/dSooo4MdtS
🖼️ https://pbs.twimg.com/media/HB0fgC9WwAA8TzQ.jpg
📅 Mon Feb 23 05:48:48 +0000 2026
🔗 https://x.com/ChiomaChukwura2/status/2025810049508008051
──────────────────────────────────────────────────


🔗 INGESTING BOOKMARK THESES (PIPELINE D)...
Pipeline D: processed 17 URLs, inserted 0 thesis records, promoted 0 ideas (promotion disabled)

⚡ RUNNING PIPELINE A (LIQUIDITY SCALP)...
Pipeline A: created 0 scalp signals

📈 RUNNING CHART LIQUIDITY PIPELINE...
CHART_LIQUIDITY: created 0 directional signals

🗳️ RUNNING POLYMARKET PIPELINE...
POLYMARKET: fetched=180 stored=180 candidates=187

🧬 RUNNING PIPELINE B (LONG-TERM INNOVATION)...
Pipeline B: created 5 long-term signals

🚨 BUILDING EVENT ALERTS...
Event alert engine: inserted 2 alerts

🌍 RUNNING PIPELINE C (EVENT ALPHA)...
Pipeline C: created 2 event signals

🧠 BUILDING TRADE CANDIDATES...
Generated 14 trade candidates

🛡️ APPLYING EXECUTION GUARDS + ROUTING...
Routed 14 candidates (0 approved, 14 blocked) in paper mode

📤 EXECUTING APPROVED ROUTES (PAPER WORKER)...
Execution worker: processed 0 queued routes

🗳️ POLYMARKET EXECUTION...
POLY_EXEC: live requested but POLY_PRIVATE_KEY missing; falling back to paper mode
POLY_EXEC: mode=paper processed=30 submitted_live=0 submitted_paper=1 blocked=29

🔄 SYNCING ALPACA ORDER STATUS...
Alpaca sync: checked 37, updated 37

📊 RANKING SOURCES...
Source ranker: scored 6 sources

🧹 APPLYING TABLE RETENTION...
Maintenance: retention policy applied

🔐 SYNCING WALLET CONFIG...
wallet_config: synced

📚 UPDATING LEARNING FEEDBACK...
Learning feedback: cleaned 0 placeholders, backfilled 0 route links, resolved 0 new route outcomes, refreshed 6 source stats, 2 strategy stats

═══════════════════════════════════════════════════
  ANALYSIS COMPLETE
═══════════════════════════════════════════════════

=== Trader Cycle Summary ===
pipeline    new_rows
----------  --------
B_LONGTERM  115     
C_EVENT     46      

decision  count
--------  -----
approved  50   
rejected  230  

status    count
--------  -----
blocked   237  
executed  43   

source_tag    sample_size  reliability_score
------------  -----------  -----------------
TestSource    5            60.0             
NoLimitGains  6            23.81            
C_EVENT       65           21.76            
B_LONGTERM    158          15.82            
internal      166          10.42            

[2026-02-23T05:50:17Z] trader cycle complete (manual)
[2026-02-23T16:20:00Z] trader cycle start (pre_open)
Running political monitor...
Running agent awareness check...
== Trader Agent Awareness Check ==
time_utc=2026-02-23T16:20:01Z
HL env keys present:
 - HL_AGENT_PRIVATE_KEY=<set>
 - HL_WALLET_ADDRESS=<set>
 - HL_USE_TESTNET=<set>
 - HL_API_URL=<set>
 - HL_INFO_URL=<set>

Runtime probe:
/Users/curtiscorum/Library/Python/3.9/lib/python/site-packages/urllib3/__init__.py:35: NotOpenSSLWarning: urllib3 v2 only supports OpenSSL 1.1.1+, currently the 'ssl' module is compiled with 'LibreSSL 2.8.3'. See: https://github.com/urllib3/urllib3/issues/3020
  warnings.warn(
network=testnet
api_url=https://api.hyperliquid-testnet.xyz
info_url=https://api.hyperliquid-testnet.xyz/info
meta_ok=True
meta_msg=ok
universe_size=207
btc_listed=True

== Polymarket Awareness Check ==
control.enable_polymarket_auto=1
control.allow_polymarket_live=enabled
wallet.poly_wallet_address=0x41597a1F7b3dada71Eaa9E709E74629e6D755548
BAD: Polymarket API credentials missing (env/keychain)
WARN: POLY_PRIVATE_KEY not set (live disabled, paper-only is fine)
markets_age_min=19.09
candidates_age_min=19.09
orders_age_min=9.19
overall=bad

self_check=available
overall=bad
═══════════════════════════════════════════════════
  TRADER CURTIS - COMPLETE SENTIMENT ANALYSIS
═══════════════════════════════════════════════════

🔍 SCANNING STOCKTWITS...

🔍 SCANNING REDDIT...

🔗 INGESTING BOOKMARK THESES (PIPELINE D)...
Pipeline D: processed 17 URLs, inserted 17 thesis records, promoted 0 ideas (promotion disabled)

⚡ RUNNING PIPELINE A (LIQUIDITY SCALP)...
Pipeline A: created 0 scalp signals

📈 RUNNING CHART LIQUIDITY PIPELINE...
CHART_LIQUIDITY: created 8 directional signals

🗳️ RUNNING POLYMARKET PIPELINE...
/Users/curtiscorum/Library/Python/3.9/lib/python/site-packages/urllib3/__init__.py:35: NotOpenSSLWarning: urllib3 v2 only supports OpenSSL 1.1.1+, currently the 'ssl' module is compiled with 'LibreSSL 2.8.3'. See: https://github.com/urllib3/urllib3/issues/3020
  warnings.warn(
POLYMARKET: fetched=180 stored=180 candidates=186

🧬 RUNNING PIPELINE B (LONG-TERM INNOVATION)...
Pipeline B: created 13 long-term signals

🚀 RUNNING PIPELINE E (BREAKTHROUGHS)...
E_BREAKTHROUGH: feeds=6 fetched_items=477 new_events=0 new_signals=0

🚨 BUILDING EVENT ALERTS...
Event alert engine: inserted 2 alerts

🌍 RUNNING PIPELINE C (EVENT ALPHA)...
Pipeline C: created 2 event signals

🧠 BUILDING TRADE CANDIDATES...
Generated 45 trade candidates

🛡️ APPLYING EXECUTION GUARDS + ROUTING...
Routed 40 candidates (0 approved, 40 blocked) in paper mode

📤 EXECUTING APPROVED ROUTES (PAPER WORKER)...
Execution worker: processed 0 queued routes

🗳️ POLYMARKET EXECUTION...
/Users/Shared/curtis/trader-curtis/scripts/with_polymarket_keychain.sh: line 32: exec: python3.11: not found

🔄 SYNCING ALPACA ORDER STATUS...
Alpaca sync: checked 37, updated 37

📊 RANKING SOURCES...
Source ranker: scored 8 sources

🧹 APPLYING TABLE RETENTION...
Maintenance: retention policy applied

🔐 SYNCING WALLET CONFIG...
wallet_config: synced

📚 UPDATING LEARNING FEEDBACK...
Learning feedback: cleaned 0 placeholders, backfilled 0 route links, resolved 0 new route outcomes, operational pnl backfilled 0, refreshed 6 source stats, 2 strategy stats

═══════════════════════════════════════════════════
  ANALYSIS COMPLETE
═══════════════════════════════════════════════════

=== Trader Cycle Summary ===
pipeline         new_rows
---------------  --------
B_LONGTERM       182     
CHART_LIQUIDITY  32      
C_EVENT          52      
E_BREAKTHROUGH   438     

decision  count
--------  -----
approved  47   
rejected  342  

status    count
--------  -----
blocked   348  
executed  41   

source_tag    sample_size  reliability_score
------------  -----------  -----------------
TestSource    10           30.0             
C_EVENT       75           19.83            
NoLimitGains  16           13.5             
B_LONGTERM    190          13.16            
internal      174          10.28            

[2026-02-23T16:22:12Z] trader cycle complete (pre_open)
[2026-02-23T17:40:00Z] trader cycle start (post_open)
Running political monitor...
Running agent awareness check...
== Trader Agent Awareness Check ==
time_utc=2026-02-23T17:40:01Z
policy.execution_model=control_gated_db_truth
HL env keys present:
 - HL_AGENT_PRIVATE_KEY=<set>
 - HL_WALLET_ADDRESS=<set>
 - HL_USE_TESTNET=<set>
 - HL_API_URL=<set>
 - HL_INFO_URL=<set>

Runtime probe:
/Users/curtiscorum/Library/Python/3.9/lib/python/site-packages/urllib3/__init__.py:35: NotOpenSSLWarning: urllib3 v2 only supports OpenSSL 1.1.1+, currently the 'ssl' module is compiled with 'LibreSSL 2.8.3'. See: https://github.com/urllib3/urllib3/issues/3020
  warnings.warn(
network=testnet
api_url=https://api.hyperliquid-testnet.xyz
info_url=https://api.hyperliquid-testnet.xyz/info
meta_ok=True
meta_msg=ok
universe_size=207
btc_listed=True

== Polymarket Awareness Check ==
control.enable_polymarket_auto=1
control.allow_polymarket_live=1
wallet.poly_wallet_address=0x41597a1F7b3dada71Eaa9E709E74629e6D755548
BAD: Polymarket API credentials missing (env/keychain)
BAD: allow_polymarket_live=1 but POLY_PRIVATE_KEY missing; runtime will fall back to paper
markets_age_min=5.94
candidates_age_min=5.94
orders_age_min=60.93
overall=bad

self_check=available
polymarket_control=available
overall=bad
═══════════════════════════════════════════════════
  TRADER CURTIS - COMPLETE SENTIMENT ANALYSIS
═══════════════════════════════════════════════════

🔍 SCANNING STOCKTWITS...

🔍 SCANNING REDDIT...

📰 RUNNING PIPELINE F (FINVIZ FREE RSS)...
Pipeline F (Finviz): tickers=20 headlines_inserted=13 external_signals=13

🔗 INGESTING BOOKMARK THESES (PIPELINE D)...
Pipeline D: processed 17 URLs, inserted 17 thesis records, promoted 0 ideas (promotion disabled)

⚡ RUNNING PIPELINE A (LIQUIDITY SCALP)...
Pipeline A: created 0 scalp signals

📈 RUNNING CHART LIQUIDITY PIPELINE...
CHART_LIQUIDITY: created 7 directional signals

🗳️ RUNNING POLYMARKET PIPELINE...
/Users/curtiscorum/Library/Python/3.9/lib/python/site-packages/urllib3/__init__.py:35: NotOpenSSLWarning: urllib3 v2 only supports OpenSSL 1.1.1+, currently the 'ssl' module is compiled with 'LibreSSL 2.8.3'. See: https://github.com/urllib3/urllib3/issues/3020
  warnings.warn(
POLYMARKET: fetched=500 stored=500 candidates=461

🧬 RUNNING PIPELINE B (LONG-TERM INNOVATION)...
Pipeline B: created 13 long-term signals

🚀 RUNNING PIPELINE E (BREAKTHROUGHS)...
E_BREAKTHROUGH: feeds=6 fetched_items=479 new_events=3 new_signals=18

🚨 BUILDING EVENT ALERTS...
Event alert engine: inserted 2 alerts

🌍 RUNNING PIPELINE C (EVENT ALPHA)...
Pipeline C: created 2 event signals

🧠 BUILDING TRADE CANDIDATES...
Generated 49 trade candidates

🧮 BUILDING POLYMARKET MM SNAPSHOTS...
POLY_MM_V1: snapshots=2

🛡️ APPLYING EXECUTION GUARDS + ROUTING...
Routed 3 candidates (0 approved, 3 blocked) in paper mode

📤 EXECUTING APPROVED ROUTES (PAPER WORKER)...
Execution worker: agent_master_enabled=0, execution paused

🗳️ POLYMARKET EXECUTION...
/Users/Shared/curtis/trader-curtis/scripts/with_polymarket_keychain.sh: line 32: exec: python3.11: not found

🔄 SYNCING ALPACA ORDER STATUS...
Alpaca sync: checked 37, updated 37

📊 RANKING SOURCES...
Source ranker: scored 9 sources

🧹 APPLYING TABLE RETENTION...
Maintenance: retention policy applied

🔐 SYNCING WALLET CONFIG...
wallet_config: synced

📚 UPDATING LEARNING FEEDBACK...
Learning feedback: cleaned 0 placeholders, backfilled 0 route links, resolved 0 new route outcomes, operational pnl backfilled 0, refreshed 6 source stats, 2 strategy stats

═══════════════════════════════════════════════════
  ANALYSIS COMPLETE
═══════════════════════════════════════════════════

=== Trader Cycle Summary ===
pipeline         new_rows
---------------  --------
B_LONGTERM       221     
CHART_LIQUIDITY  44      
C_EVENT          54      
E_BREAKTHROUGH   456     

decision  count
--------  -----
approved  47   
rejected  345  

status    count
--------  -----
blocked   351  
executed  41   

source_tag    sample_size  reliability_score
------------  -----------  -----------------
TestSource    10           30.0             
C_EVENT       75           19.83            
NoLimitGains  16           13.5             
B_LONGTERM    190          13.16            
internal      174          10.28            

[2026-02-23T17:43:09Z] trader cycle complete (post_open)
[2026-02-24T20:05:00Z] trader cycle start (midday)
Running tooling context check...
== Tooling Context Check ==
time_utc=2026-02-24T20:05:00Z
doc.TOOLING-RUNTIME-PLAYBOOK.md=ok
doc.AGENT-ROLE-CONTEXT.md=ok
doc.AGENT-SIGNAL-COMMANDS.md=ok
exec.run-all-scans.sh=ok
exec.check_agent_awareness.sh=ok
exec.trade_claim_guard.sh=ok
exec.polymarket_control.sh=ok
exec.full_pipeline_audit.sh=ok
py.signal_router.py=ok
py.quant_gate.py=ok
py.execution_worker.py=ok
py.execution_adapters.py=ok
py.execution_polymarket.py=ok
py.update_learning_feedback.py=ok
table.pipeline_signals=ok
table.signal_routes=ok
table.quant_validations=ok
table.execution_orders=ok
table.polymarket_orders=ok
table.trade_intents=ok
table.route_trade_links=ok
table.route_outcomes=ok
table.route_feedback_features=missing
table.input_feature_stats=missing
table.source_learning_stats=ok
table.strategy_learning_stats=ok
table.execution_learning=ok
table.execution_controls=ok
tooling_context=warn
Running political monitor...
Running agent awareness check...
== Trader Agent Awareness Check ==
time_utc=2026-02-24T20:05:01Z
policy.execution_model=control_gated_db_truth
== Tooling Context Check ==
time_utc=2026-02-24T20:05:01Z
doc.TOOLING-RUNTIME-PLAYBOOK.md=ok
doc.AGENT-ROLE-CONTEXT.md=ok
doc.AGENT-SIGNAL-COMMANDS.md=ok
exec.run-all-scans.sh=ok
exec.check_agent_awareness.sh=ok
exec.trade_claim_guard.sh=ok
exec.polymarket_control.sh=ok
exec.full_pipeline_audit.sh=ok
py.signal_router.py=ok
py.quant_gate.py=ok
py.execution_worker.py=ok
py.execution_adapters.py=ok
py.execution_polymarket.py=ok
py.update_learning_feedback.py=ok
table.pipeline_signals=ok
table.signal_routes=ok
table.quant_validations=ok
table.execution_orders=ok
table.polymarket_orders=ok
table.trade_intents=ok
table.route_trade_links=ok
table.route_outcomes=ok
table.route_feedback_features=missing
table.input_feature_stats=missing
table.source_learning_stats=ok
table.strategy_learning_stats=ok
table.execution_learning=ok
table.execution_controls=ok
tooling_context=warn

HL env keys present:
 - HL_AGENT_PRIVATE_KEY=<set>
 - HL_WALLET_ADDRESS=<set>
 - HL_USE_TESTNET=<set>
 - HL_API_URL=<set>
 - HL_INFO_URL=<set>
 - HL_AGENT_PRIVATE_KEY=<missing: keychain>

Runtime probe:
/Users/curtiscorum/Library/Python/3.9/lib/python/site-packages/urllib3/__init__.py:35: NotOpenSSLWarning: urllib3 v2 only supports OpenSSL 1.1.1+, currently the 'ssl' module is compiled with 'LibreSSL 2.8.3'. See: https://github.com/urllib3/urllib3/issues/3020
  warnings.warn(
network=testnet
api_url=https://api.hyperliquid-testnet.xyz
info_url=https://api.hyperliquid-testnet.xyz/info
meta_ok=True
meta_msg=ok
universe_size=207
btc_listed=True

== Polymarket Awareness Check ==
control.enable_polymarket_auto=1
control.allow_polymarket_live=1
wallet.poly_wallet_address=0x41597a1F7b3dada71Eaa9E709E74629e6D755548
BAD: Polymarket API credentials missing (env/keychain)
BAD: allow_polymarket_live=1 but POLY_PRIVATE_KEY missing; runtime will fall back to paper
markets_age_min=1539.65
candidates_age_min=1539.65
orders_age_min=1645.93
overall=bad

self_check=available
polymarket_control=available
role_context=available
full_audit_script=available
learning.approved_routes=64
learning.resolved_routes=9
learning.coverage_pct=14.06
learning.feature_rows=0
learning.feature_stats_rows=0
warn=learning coverage below 20% (memory weak for adaptation)

== Trade Claim Guard ==
time_utc=2026-02-24T20:05:03Z
control.agent_master_enabled=0
control.allow_live_trading=1
control.enable_alpaca_paper_auto=1
control.enable_hyperliquid_test_auto=1
control.allow_hyperliquid_live=1
control.enable_polymarket_auto=1
control.allow_polymarket_live=1
routes.approved_queued=0
orders.last_60m=0
blocker=agent_master_enabled=0 (execution worker paused)
warn=no approved queued routes
state=bad
trade_ready=false
overall=bad
═══════════════════════════════════════════════════
  TRADER CURTIS - COMPLETE SENTIMENT ANALYSIS
═══════════════════════════════════════════════════

🔍 SCANNING STOCKTWITS...

🔍 SCANNING REDDIT...

📰 RUNNING PIPELINE F (FINVIZ FREE RSS)...
Pipeline F (Finviz): tickers=20 headlines_inserted=88 external_signals=88

🔗 INGESTING BOOKMARK THESES (PIPELINE D)...
Pipeline D: processed 17 URLs, inserted 17 thesis records, promoted 0 ideas (promotion disabled)

⚡ RUNNING PIPELINE A (LIQUIDITY SCALP)...
Pipeline A: created 0 scalp signals

📈 RUNNING CHART LIQUIDITY PIPELINE...
CHART_LIQUIDITY: created 11 directional signals

🧭 RUNNING PIPELINE H (KYLE WILLIAMS)...
Pipeline H (Kyle Williams): created 2 signals

👀 INGESTING TRACKED POLYMARKET WALLET ACTIVITY...
poly_wallet_ingest: wallets=1 activity_rows=30

🗳️ RUNNING POLYMARKET PIPELINE...
/Users/curtiscorum/Library/Python/3.9/lib/python/site-packages/urllib3/__init__.py:35: NotOpenSSLWarning: urllib3 v2 only supports OpenSSL 1.1.1+, currently the 'ssl' module is compiled with 'LibreSSL 2.8.3'. See: https://github.com/urllib3/urllib3/issues/3020
  warnings.warn(
POLYMARKET: fetched=500 stored=500 candidates=451

🌤️ RUNNING PIPELINE G (WEATHER PROBS)...
PIPELINE_G_WEATHER: markets_scored=0

🧬 RUNNING PIPELINE B (LONG-TERM INNOVATION)...
Pipeline B: created 13 long-term signals

🚀 RUNNING PIPELINE E (BREAKTHROUGHS)...
E_BREAKTHROUGH: feeds=6 fetched_items=485 new_events=9 new_signals=52

🚨 BUILDING EVENT ALERTS...
Event alert engine: inserted 2 alerts

🌍 RUNNING PIPELINE C (EVENT ALPHA)...
Pipeline C: created 2 event signals

🧠 BUILDING TRADE CANDIDATES...
INPUT_REWEIGHT updates=8 disabled=0 min_samples=5 floor=0.6 ceiling=1.6
Generated 51 trade candidates

🎯 ALIGNING HIGH-SIGNAL PLAYS TO POLYMARKET...
POLY_ALIGN: setups=0

🧮 BUILDING POLYMARKET MM SNAPSHOTS...
POLY_MM_V1: snapshots=0

🛡️ APPLYING EXECUTION GUARDS + ROUTING...
Routed 1 candidates (0 approved, 1 blocked) in paper mode

📤 EXECUTING APPROVED ROUTES (PAPER WORKER)...
Execution worker: agent_master_enabled=0, execution paused

🗳️ POLYMARKET EXECUTION...
POLYMARKET_EXECUTOR mode=paper auto=disabled note='agent_master_enabled=0'

🔄 SYNCING ALPACA ORDER STATUS...
Alpaca sync: checked 37, updated 37

📊 RANKING SOURCES...
Source ranker: scored 9 sources
wallet_score: scored 1 wallets

🧹 APPLYING TABLE RETENTION...
Maintenance: retention policy applied

🔐 SYNCING WALLET CONFIG...
wallet_config: synced

📚 UPDATING LEARNING FEEDBACK...
Learning feedback: cleaned 0 placeholders, backfilled 0 route links, snapshotted 65 route feature rows, resolved 0 new route outcomes, mtm_resolved 31, missed_resolved 0 (enabled=0), operational pnl backfilled 0, refreshed 9 source stats, 3 strategy stats, 33 feature stats

🛠️ RUNNING AUTO-TUNER...
Auto-tuner (propose): control_recommendations=1, source_recommendations=1

🧾 TRADE CLAIM GUARD...
== Trade Claim Guard ==
time_utc=2026-02-24T20:14:13Z
control.agent_master_enabled=0
control.allow_live_trading=1
control.enable_alpaca_paper_auto=1
control.enable_hyperliquid_test_auto=1
control.allow_hyperliquid_live=1
control.enable_polymarket_auto=1
control.allow_polymarket_live=1
routes.approved_queued=0
orders.last_60m=0
blocker=agent_master_enabled=0 (execution worker paused)
warn=no approved queued routes
state=bad
trade_ready=false

═══════════════════════════════════════════════════
  ANALYSIS COMPLETE
═══════════════════════════════════════════════════

=== Trader Cycle Summary ===
pipeline         new_rows
---------------  --------
B_LONGTERM       13      
CHART_LIQUIDITY  11      
C_EVENT          2       
E_BREAKTHROUGH   52      
KYLE_WILLIAMS    2       

decision  count
--------  -----
rejected  1    

status   count
-------  -----
blocked  1    

source_tag    sample_size  reliability_score
------------  -----------  -----------------
TestSource    10           30.0             
C_EVENT       75           19.83            
NoLimitGains  16           13.5             
B_LONGTERM    190          13.16            
internal      174          10.28            

[2026-02-24T20:14:13Z] trader cycle complete (midday)
[2026-02-24T23:35:00Z] trader cycle start (power_hour)
Running tooling context check...
== Tooling Context Check ==
time_utc=2026-02-24T23:35:00Z
doc.TOOLING-RUNTIME-PLAYBOOK.md=ok
doc.AGENT-ROLE-CONTEXT.md=ok
doc.AGENT-SIGNAL-COMMANDS.md=ok
exec.run-all-scans.sh=ok
exec.check_agent_awareness.sh=ok
exec.trade_claim_guard.sh=ok
exec.polymarket_control.sh=ok
exec.full_pipeline_audit.sh=ok
py.signal_router.py=ok
py.quant_gate.py=ok
py.execution_worker.py=ok
py.execution_adapters.py=ok
py.execution_polymarket.py=ok
py.update_learning_feedback.py=ok
table.pipeline_signals=ok
table.signal_routes=ok
table.quant_validations=ok
table.execution_orders=ok
table.polymarket_orders=ok
table.trade_intents=ok
table.route_trade_links=ok
table.route_outcomes=ok
table.route_feedback_features=ok
table.input_feature_stats=ok
table.source_learning_stats=ok
table.strategy_learning_stats=ok
table.execution_learning=ok
table.execution_controls=ok
tooling_context=good
Running political monitor...
Running agent awareness check...
== Trader Agent Awareness Check ==
time_utc=2026-02-24T23:35:01Z
policy.execution_model=control_gated_db_truth
== Tooling Context Check ==
time_utc=2026-02-24T23:35:01Z
doc.TOOLING-RUNTIME-PLAYBOOK.md=ok
doc.AGENT-ROLE-CONTEXT.md=ok
doc.AGENT-SIGNAL-COMMANDS.md=ok
exec.run-all-scans.sh=ok
exec.check_agent_awareness.sh=ok
exec.trade_claim_guard.sh=ok
exec.polymarket_control.sh=ok
exec.full_pipeline_audit.sh=ok
py.signal_router.py=ok
py.quant_gate.py=ok
py.execution_worker.py=ok
py.execution_adapters.py=ok
py.execution_polymarket.py=ok
py.update_learning_feedback.py=ok
table.pipeline_signals=ok
table.signal_routes=ok
table.quant_validations=ok
table.execution_orders=ok
table.polymarket_orders=ok
table.trade_intents=ok
table.route_trade_links=ok
table.route_outcomes=ok
table.route_feedback_features=ok
table.input_feature_stats=ok
table.source_learning_stats=ok
table.strategy_learning_stats=ok
table.execution_learning=ok
table.execution_controls=ok
tooling_context=good

HL env keys present:
 - HL_WALLET_ADDRESS=<set>
 - HL_USE_TESTNET=<set>
 - HL_API_URL=<set>
 - HL_INFO_URL=<set>
 - HL_AGENT_PRIVATE_KEY=<missing: keychain>

Runtime probe:
/Users/curtiscorum/Library/Python/3.9/lib/python/site-packages/urllib3/__init__.py:35: NotOpenSSLWarning: urllib3 v2 only supports OpenSSL 1.1.1+, currently the 'ssl' module is compiled with 'LibreSSL 2.8.3'. See: https://github.com/urllib3/urllib3/issues/3020
  warnings.warn(
network=testnet
api_url=https://api.hyperliquid-testnet.xyz
info_url=https://api.hyperliquid-testnet.xyz/info
meta_ok=True
meta_msg=ok
universe_size=207
btc_listed=True

== Polymarket Awareness Check ==
control.enable_polymarket_auto=1
control.allow_polymarket_live=1
wallet.poly_wallet_address=0x41597a1F7b3dada71Eaa9E709E74629e6D755548
BAD: Polymarket API credentials missing (env/keychain)
BAD: allow_polymarket_live=1 but POLY_PRIVATE_KEY missing; runtime will fall back to paper
markets_age_min=204.46
candidates_age_min=204.45
orders_age_min=51.05
overall=bad

self_check=available
polymarket_control=available
role_context=available
full_audit_script=available
learning.approved_routes=79
learning.resolved_routes=40
learning.coverage_pct=50.63
learning.feature_rows=65
learning.feature_stats_rows=33

== Trade Claim Guard ==
time_utc=2026-02-24T23:35:04Z
control.agent_master_enabled=1
control.allow_live_trading=1
control.enable_alpaca_paper_auto=1
control.enable_hyperliquid_test_auto=1
control.allow_hyperliquid_live=0
control.enable_polymarket_auto=1
control.allow_polymarket_live=1
routes.approved_queued=0
orders.last_60m=0
warn=no approved queued routes
state=warn
trade_ready=false
overall=bad
═══════════════════════════════════════════════════
  TRADER CURTIS - COMPLETE SENTIMENT ANALYSIS
═══════════════════════════════════════════════════

🔍 SCANNING STOCKTWITS...

🔍 SCANNING REDDIT...

📰 RUNNING PIPELINE F (FINVIZ FREE RSS)...
Pipeline F (Finviz): tickers=20 headlines_inserted=27 external_signals=27

🔗 INGESTING BOOKMARK THESES (PIPELINE D)...
Pipeline D: processed 17 URLs, inserted 17 thesis records, promoted 0 ideas (promotion disabled)

⚡ RUNNING PIPELINE A (LIQUIDITY SCALP)...
Pipeline A: created 0 scalp signals

📈 RUNNING CHART LIQUIDITY PIPELINE...
CHART_LIQUIDITY: created 11 directional signals

🧭 RUNNING PIPELINE H (KYLE WILLIAMS)...
Pipeline H (Kyle Williams): created 2 signals

👀 INGESTING TRACKED POLYMARKET WALLET ACTIVITY...
poly_wallet_ingest: wallets=1 activity_rows=30

🗳️ RUNNING POLYMARKET PIPELINE...
/Users/curtiscorum/Library/Python/3.9/lib/python/site-packages/urllib3/__init__.py:35: NotOpenSSLWarning: urllib3 v2 only supports OpenSSL 1.1.1+, currently the 'ssl' module is compiled with 'LibreSSL 2.8.3'. See: https://github.com/urllib3/urllib3/issues/3020
  warnings.warn(
POLYMARKET: fetched=500 stored=500 candidates=452

🌤️ RUNNING PIPELINE G (WEATHER PROBS)...
PIPELINE_G_WEATHER: markets_scored=0

🧬 RUNNING PIPELINE B (LONG-TERM INNOVATION)...
Pipeline B: created 13 long-term signals

🚀 RUNNING PIPELINE E (BREAKTHROUGHS)...
E_BREAKTHROUGH: feeds=6 fetched_items=480 new_events=2 new_signals=12

🚨 BUILDING EVENT ALERTS...
Event alert engine: inserted 2 alerts

🌍 RUNNING PIPELINE C (EVENT ALPHA)...
Pipeline C: created 2 event signals

🧠 BUILDING TRADE CANDIDATES...
INPUT_REWEIGHT updates=12 disabled=0 min_samples=5 floor=0.6 ceiling=1.6
Generated 51 trade candidates

🎯 ALIGNING HIGH-SIGNAL PLAYS TO POLYMARKET...
POLY_ALIGN: setups=0

🧮 BUILDING POLYMARKET MM SNAPSHOTS...
POLY_MM_V1: snapshots=0

🛡️ APPLYING EXECUTION GUARDS + ROUTING...
Routed 40 candidates (0 approved, 40 blocked) in paper mode

📤 EXECUTING APPROVED ROUTES (PAPER WORKER)...
Execution worker: processed 0 queued routes

🗳️ POLYMARKET EXECUTION...
POLY_EXEC_BACKEND=cli but cli binary missing; falling back to pyclob executor
POLYMARKET_EXECUTOR backend=cli live_fallback reason='missing POLY_PRIVATE_KEY for CLI signing'
POLYMARKET_EXECUTOR mode=paper candidates=8 executed=1 awaiting_approval=0 blocked=7 failed=0 synced=0

🔄 SYNCING ALPACA ORDER STATUS...
Alpaca sync: checked 44, updated 44

📊 RANKING SOURCES...
Source ranker: scored 7 sources
wallet_score: scored 1 wallets

🧹 APPLYING TABLE RETENTION...
Maintenance: retention policy applied

🔐 SYNCING WALLET CONFIG...
wallet_config: synced

📚 UPDATING LEARNING FEEDBACK...
Learning feedback: cleaned 0 placeholders, backfilled 0 route links, snapshotted 101 route feature rows, resolved 8 new route outcomes, mtm_resolved 2, missed_resolved 0 (enabled=0), operational pnl backfilled 0, refreshed 10 source stats, 3 strategy stats, 37 feature stats

🛠️ RUNNING AUTO-TUNER...
Auto-tuner (propose): control_recommendations=1, source_recommendations=1

🧾 TRADE CLAIM GUARD...
== Trade Claim Guard ==
time_utc=2026-02-24T23:39:08Z
control.agent_master_enabled=1
control.allow_live_trading=1
control.enable_alpaca_paper_auto=1
control.enable_hyperliquid_test_auto=1
control.allow_hyperliquid_live=0
control.enable_polymarket_auto=1
control.allow_polymarket_live=1
routes.approved_queued=0
orders.last_60m=0
warn=no approved queued routes
state=warn
trade_ready=false

═══════════════════════════════════════════════════
  ANALYSIS COMPLETE
═══════════════════════════════════════════════════

=== Trader Cycle Summary ===
pipeline         new_rows
---------------  --------
B_LONGTERM       26      
CHART_LIQUIDITY  22      
C_EVENT          4       
E_BREAKTHROUGH   64      
KYLE_WILLIAMS    4       

decision  count
--------  -----
approved  15   
rejected  87   

status    count
--------  -----
blocked   95   
executed  7    

source_tag    sample_size  reliability_score
------------  -----------  -----------------
TestSource    3            92.98            
B_LONGTERM    26           88.05            
C_EVENT       19           73.56            
internal      10           69.13            
NoLimitGains  5            47.63            

[2026-02-24T23:39:08Z] trader cycle complete (power_hour)
[2026-02-25T00:20:00Z] trader cycle start (post_close)
Running tooling context check...
== Tooling Context Check ==
time_utc=2026-02-25T00:20:00Z
doc.TOOLING-RUNTIME-PLAYBOOK.md=ok
doc.AGENT-ROLE-CONTEXT.md=ok
doc.AGENT-SIGNAL-COMMANDS.md=ok
exec.run-all-scans.sh=ok
exec.check_agent_awareness.sh=ok
exec.trade_claim_guard.sh=ok
exec.polymarket_control.sh=ok
exec.full_pipeline_audit.sh=ok
py.signal_router.py=ok
py.quant_gate.py=ok
py.execution_worker.py=ok
py.execution_adapters.py=ok
py.execution_polymarket.py=ok
py.update_learning_feedback.py=ok
table.pipeline_signals=ok
table.signal_routes=ok
table.quant_validations=ok
table.execution_orders=ok
table.polymarket_orders=ok
table.trade_intents=ok
table.route_trade_links=ok
table.route_outcomes=ok
table.route_feedback_features=ok
table.input_feature_stats=ok
table.source_learning_stats=ok
table.strategy_learning_stats=ok
table.execution_learning=ok
table.execution_controls=ok
tooling_context=good
Running political monitor...
Running agent awareness check...
== Trader Agent Awareness Check ==
time_utc=2026-02-25T00:20:00Z
policy.execution_model=control_gated_db_truth
== Tooling Context Check ==
time_utc=2026-02-25T00:20:00Z
doc.TOOLING-RUNTIME-PLAYBOOK.md=ok
doc.AGENT-ROLE-CONTEXT.md=ok
doc.AGENT-SIGNAL-COMMANDS.md=ok
exec.run-all-scans.sh=ok
exec.check_agent_awareness.sh=ok
exec.trade_claim_guard.sh=ok
exec.polymarket_control.sh=ok
exec.full_pipeline_audit.sh=ok
py.signal_router.py=ok
py.quant_gate.py=ok
py.execution_worker.py=ok
py.execution_adapters.py=ok
py.execution_polymarket.py=ok
py.update_learning_feedback.py=ok
table.pipeline_signals=ok
table.signal_routes=ok
table.quant_validations=ok
table.execution_orders=ok
table.polymarket_orders=ok
table.trade_intents=ok
table.route_trade_links=ok
table.route_outcomes=ok
table.route_feedback_features=ok
table.input_feature_stats=ok
table.source_learning_stats=ok
table.strategy_learning_stats=ok
table.execution_learning=ok
table.execution_controls=ok
tooling_context=good

HL env keys present:
 - HL_WALLET_ADDRESS=<set>
 - HL_USE_TESTNET=<set>
 - HL_API_URL=<set>
 - HL_INFO_URL=<set>
 - HL_AGENT_PRIVATE_KEY=<missing: keychain>

Runtime probe:
/Users/curtiscorum/Library/Python/3.9/lib/python/site-packages/urllib3/__init__.py:35: NotOpenSSLWarning: urllib3 v2 only supports OpenSSL 1.1.1+, currently the 'ssl' module is compiled with 'LibreSSL 2.8.3'. See: https://github.com/urllib3/urllib3/issues/3020
  warnings.warn(
network=testnet
api_url=https://api.hyperliquid-testnet.xyz
info_url=https://api.hyperliquid-testnet.xyz/info
meta_ok=True
meta_msg=ok
universe_size=207
btc_listed=True

== Polymarket Awareness Check ==
control.enable_polymarket_auto=1
control.allow_polymarket_live=1
wallet.poly_wallet_address=0x41597a1F7b3dada71Eaa9E709E74629e6D755548
BAD: Polymarket API credentials missing (env/keychain)
BAD: allow_polymarket_live=1 but POLY_PRIVATE_KEY missing; runtime will fall back to paper
markets_age_min=42.36
candidates_age_min=42.35
orders_age_min=27.88
overall=bad

self_check=available
polymarket_control=available
role_context=available
full_audit_script=available
learning.approved_routes=79
learning.resolved_routes=50
learning.coverage_pct=63.29
learning.feature_rows=166
learning.feature_stats_rows=37

== Trade Claim Guard ==
time_utc=2026-02-25T00:20:03Z
control.agent_master_enabled=1
control.allow_live_trading=1
control.enable_alpaca_paper_auto=1
control.enable_hyperliquid_test_auto=1
control.allow_hyperliquid_live=0
control.enable_polymarket_auto=1
control.allow_polymarket_live=1
routes.approved_queued=0
orders.last_60m=0
warn=no approved queued routes
state=warn
trade_ready=false
overall=bad
═══════════════════════════════════════════════════
  TRADER CURTIS - COMPLETE SENTIMENT ANALYSIS
═══════════════════════════════════════════════════

🔍 SCANNING STOCKTWITS...

🔍 SCANNING REDDIT...

📰 RUNNING PIPELINE F (FINVIZ FREE RSS)...
Pipeline F (Finviz): tickers=23 headlines_inserted=37 external_signals=37

🔗 INGESTING BOOKMARK THESES (PIPELINE D)...
Pipeline D: processed 17 URLs, inserted 17 thesis records, promoted 0 ideas (promotion disabled)

⚡ RUNNING PIPELINE A (LIQUIDITY SCALP)...
Pipeline A: created 0 scalp signals

📈 RUNNING CHART LIQUIDITY PIPELINE...
CHART_LIQUIDITY: created 3 directional signals

🧭 RUNNING PIPELINE H (KYLE WILLIAMS)...
Pipeline H (Kyle Williams): created 2 signals

👀 INGESTING TRACKED POLYMARKET WALLET ACTIVITY...
poly_wallet_ingest: wallets=1 activity_rows=30

🗳️ RUNNING POLYMARKET PIPELINE...
/Users/curtiscorum/Library/Python/3.9/lib/python/site-packages/urllib3/__init__.py:35: NotOpenSSLWarning: urllib3 v2 only supports OpenSSL 1.1.1+, currently the 'ssl' module is compiled with 'LibreSSL 2.8.3'. See: https://github.com/urllib3/urllib3/issues/3020
  warnings.warn(
POLYMARKET: fetched=500 stored=500 candidates=2

🌤️ RUNNING PIPELINE G (WEATHER PROBS)...
PIPELINE_G_WEATHER: markets_scored=0

🧬 RUNNING PIPELINE B (LONG-TERM INNOVATION)...
Pipeline B: created 13 long-term signals

🚀 RUNNING PIPELINE E (BREAKTHROUGHS)...
E_BREAKTHROUGH: feeds=6 fetched_items=480 new_events=3 new_signals=18

🚨 BUILDING EVENT ALERTS...
Event alert engine: inserted 2 alerts

🌍 RUNNING PIPELINE C (EVENT ALPHA)...
Pipeline C: created 2 event signals

🧠 BUILDING TRADE CANDIDATES...
INPUT_REWEIGHT updates=13 disabled=0 min_samples=5 floor=0.6 ceiling=1.6
Generated 51 trade candidates

🎯 ALIGNING HIGH-SIGNAL PLAYS TO POLYMARKET...
POLY_ALIGN: setups=0

🧮 BUILDING POLYMARKET MM SNAPSHOTS...
POLY_MM_V1: snapshots=0

🛡️ APPLYING EXECUTION GUARDS + ROUTING...
Routed 40 candidates (0 approved, 40 blocked) in paper mode

📤 EXECUTING APPROVED ROUTES (PAPER WORKER)...
Execution worker: processed 0 queued routes

🗳️ POLYMARKET EXECUTION...
POLY_EXEC_BACKEND=cli but cli binary missing; falling back to pyclob executor
POLYMARKET_EXECUTOR backend=cli live_fallback reason='missing POLY_PRIVATE_KEY for CLI signing'
POLYMARKET_EXECUTOR mode=paper candidates=2 executed=1 awaiting_approval=0 blocked=1 failed=0 synced=0

🔄 SYNCING ALPACA ORDER STATUS...
Alpaca sync: checked 44, updated 44

📊 RANKING SOURCES...
Source ranker: scored 7 sources
wallet_score: scored 1 wallets

🧹 APPLYING TABLE RETENTION...
Maintenance: retention policy applied

🔐 SYNCING WALLET CONFIG...
wallet_config: synced

📚 UPDATING LEARNING FEEDBACK...
Learning feedback: cleaned 0 placeholders, backfilled 0 route links, snapshotted 40 route feature rows, resolved 0 new route outcomes, mtm_resolved 0, missed_resolved 0 (enabled=0), operational pnl backfilled 0, refreshed 10 source stats, 3 strategy stats, 37 feature stats

🛠️ RUNNING AUTO-TUNER...
Auto-tuner (propose): control_recommendations=1, source_recommendations=1

🧾 TRADE CLAIM GUARD...
== Trade Claim Guard ==
time_utc=2026-02-25T00:23:43Z
control.agent_master_enabled=1
control.allow_live_trading=1
control.enable_alpaca_paper_auto=1
control.enable_hyperliquid_test_auto=1
control.allow_hyperliquid_live=0
control.enable_polymarket_auto=1
control.allow_polymarket_live=1
routes.approved_queued=0
orders.last_60m=0
warn=no approved queued routes
state=warn
trade_ready=false

═══════════════════════════════════════════════════
  ANALYSIS COMPLETE
═══════════════════════════════════════════════════

=== Trader Cycle Summary ===
pipeline         new_rows
---------------  --------
B_LONGTERM       39      
CHART_LIQUIDITY  25      
C_EVENT          6       
E_BREAKTHROUGH   82      
KYLE_WILLIAMS    6       

decision  count
--------  -----
approved  15   
rejected  127  

status    count
--------  -----
blocked   135  
executed  7    

source_tag    sample_size  reliability_score
------------  -----------  -----------------
TestSource    3            93.0             
B_LONGTERM    26           87.11            
internal      10           69.13            
C_EVENT       20           64.52            
NoLimitGains  6            38.79            

[2026-02-25T00:23:43Z] trader cycle complete (post_close)
[2026-02-25T16:20:01Z] trader cycle start (pre_open)
Running tooling context check...
== Tooling Context Check ==
time_utc=2026-02-25T16:20:01Z
doc.TOOLING-RUNTIME-PLAYBOOK.md=ok
doc.AGENT-ROLE-CONTEXT.md=ok
doc.AGENT-SIGNAL-COMMANDS.md=ok
exec.run-all-scans.sh=ok
exec.check_agent_awareness.sh=ok
exec.trade_claim_guard.sh=ok
exec.polymarket_control.sh=ok
exec.full_pipeline_audit.sh=ok
py.signal_router.py=ok
py.quant_gate.py=ok
py.execution_worker.py=ok
py.execution_adapters.py=ok
py.execution_polymarket.py=ok
py.update_learning_feedback.py=ok
table.pipeline_signals=ok
table.signal_routes=ok
table.quant_validations=ok
table.execution_orders=ok
table.polymarket_orders=ok
table.trade_intents=ok
table.route_trade_links=ok
table.route_outcomes=ok
table.route_feedback_features=ok
table.input_feature_stats=ok
table.source_learning_stats=ok
table.strategy_learning_stats=ok
table.execution_learning=ok
table.execution_controls=ok
tooling_context=good
Running political monitor...
Running agent awareness check...
== Trader Agent Awareness Check ==
time_utc=2026-02-25T16:20:02Z
policy.execution_model=control_gated_db_truth
== Tooling Context Check ==
time_utc=2026-02-25T16:20:02Z
doc.TOOLING-RUNTIME-PLAYBOOK.md=ok
doc.AGENT-ROLE-CONTEXT.md=ok
doc.AGENT-SIGNAL-COMMANDS.md=ok
exec.run-all-scans.sh=ok
exec.check_agent_awareness.sh=ok
exec.trade_claim_guard.sh=ok
exec.polymarket_control.sh=ok
exec.full_pipeline_audit.sh=ok
py.signal_router.py=ok
py.quant_gate.py=ok
py.execution_worker.py=ok
py.execution_adapters.py=ok
py.execution_polymarket.py=ok
py.update_learning_feedback.py=ok
table.pipeline_signals=ok
table.signal_routes=ok
table.quant_validations=ok
table.execution_orders=ok
table.polymarket_orders=ok
table.trade_intents=ok
table.route_trade_links=ok
table.route_outcomes=ok
table.route_feedback_features=ok
table.input_feature_stats=ok
table.source_learning_stats=ok
table.strategy_learning_stats=ok
table.execution_learning=ok
table.execution_controls=ok
tooling_context=good

HL env keys present:
 - HL_WALLET_ADDRESS=<set>
 - HL_USE_TESTNET=<set>
 - HL_API_URL=<set>
 - HL_INFO_URL=<set>
 - HL_AGENT_PRIVATE_KEY=<missing: keychain>

Runtime probe:
/Users/curtiscorum/Library/Python/3.9/lib/python/site-packages/urllib3/__init__.py:35: NotOpenSSLWarning: urllib3 v2 only supports OpenSSL 1.1.1+, currently the 'ssl' module is compiled with 'LibreSSL 2.8.3'. See: https://github.com/urllib3/urllib3/issues/3020
  warnings.warn(
network=testnet
api_url=https://api.hyperliquid-testnet.xyz
info_url=https://api.hyperliquid-testnet.xyz/info
meta_ok=True
meta_msg=ok
universe_size=207
btc_listed=True

== Polymarket Awareness Check ==
control.enable_polymarket_auto=1
control.allow_polymarket_live=1
wallet.poly_wallet_address=0x9Eb04A1F9De67afe3252AAAE030671D01046405b
BAD: Polymarket API credentials missing (env/keychain)
BAD: allow_polymarket_live=1 but POLY_PRIVATE_KEY missing; runtime will fall back to paper
markets_age_min=24.79
candidates_age_min=24.79
orders_age_min=26.69
overall=bad

self_check=available
polymarket_control=available
role_context=available
full_audit_script=available
learning.approved_routes=79
learning.resolved_routes=184
learning.coverage_pct=232.91
learning.feature_rows=366
learning.feature_stats_rows=49

== Trade Claim Guard ==
time_utc=2026-02-25T16:20:05Z
control.agent_master_enabled=1
control.allow_live_trading=1
control.enable_alpaca_paper_auto=1
control.enable_hyperliquid_test_auto=1
control.allow_hyperliquid_live=0
control.enable_polymarket_auto=1
control.allow_polymarket_live=1
routes.approved_queued=0
orders.last_60m=0
warn=no approved queued routes
state=warn
trade_ready=false
overall=bad
═══════════════════════════════════════════════════
  TRADER CURTIS - COMPLETE SENTIMENT ANALYSIS
═══════════════════════════════════════════════════

🔍 SCANNING STOCKTWITS...

🔍 SCANNING REDDIT...

📰 RUNNING PIPELINE F (FINVIZ FREE RSS)...
Pipeline F (Finviz): tickers=40 headlines_inserted=181 external_signals=181

🔗 INGESTING BOOKMARK THESES (PIPELINE D)...

🐦 RUNNING PIPELINE X (TRACKED HANDLE BRIDGE)...
PIPELINE_X_BRIDGE skipped: bird CLI not found

⚡ RUNNING PIPELINE A (LIQUIDITY SCALP)...
Pipeline A: created 0 scalp signals

📈 RUNNING CHART LIQUIDITY PIPELINE...

🧭 RUNNING PIPELINE H (KYLE WILLIAMS)...
Pipeline H (Kyle Williams): created 2 signals

👀 INGESTING TRACKED POLYMARKET WALLET ACTIVITY...
poly_wallet_ingest: wallets=1 activity_rows=30

🗳️ RUNNING POLYMARKET PIPELINE...
/Users/curtiscorum/Library/Python/3.9/lib/python/site-packages/urllib3/__init__.py:35: NotOpenSSLWarning: urllib3 v2 only supports OpenSSL 1.1.1+, currently the 'ssl' module is compiled with 'LibreSSL 2.8.3'. See: https://github.com/urllib3/urllib3/issues/3020
  warnings.warn(
POLYMARKET: fetched=500 stored=500 candidates=448

🌤️ RUNNING PIPELINE G (WEATHER PROBS)...
PIPELINE_G_WEATHER: markets_scored=0

🧬 RUNNING PIPELINE B (LONG-TERM INNOVATION)...
Pipeline B: created 13 long-term signals

🚀 RUNNING PIPELINE E (BREAKTHROUGHS)...
E_BREAKTHROUGH: feeds=6 fetched_items=484 new_events=0 new_signals=0

🚨 BUILDING EVENT ALERTS...
Event alert engine: inserted 2 alerts

🌍 RUNNING PIPELINE C (EVENT ALPHA)...
Pipeline C: created 2 event signals

🧠 BUILDING TRADE CANDIDATES...
INPUT_REWEIGHT updates=4 disabled=0 min_samples=5 floor=0.6 ceiling=1.6
Generated 83 trade candidates

🎯 ALIGNING HIGH-SIGNAL PLAYS TO POLYMARKET...
POLY_ALIGN: setups=2

🧮 BUILDING POLYMARKET MM SNAPSHOTS...
POLY_MM_V1: snapshots=1

🛡️ APPLYING EXECUTION GUARDS + ROUTING...
Routed 40 candidates (0 approved, 40 blocked) in paper mode

📤 EXECUTING APPROVED ROUTES (PAPER WORKER)...
Execution worker: processed 0 queued routes

🗳️ POLYMARKET EXECUTION...
POLY_EXEC_BACKEND=cli but cli binary missing; falling back to pyclob executor
POLYMARKET_EXECUTOR backend=cli live_fallback reason='missing POLY_PRIVATE_KEY for CLI signing'
POLYMARKET_EXECUTOR mode=paper candidates=8 executed=2 awaiting_approval=0 blocked=6 failed=0 synced=0

🔄 SYNCING ALPACA ORDER STATUS...
Alpaca sync: checked 44, updated 44, entry_upserts 38, backfilled_qty 0, fills_processed 0, fills_closed 0, fills_opened 0
/Users/Shared/curtis/trader-curtis/run-all-scans.sh: line 112: syntax error near unexpected token `else'
/Users/Shared/curtis/trader-curtis/run-all-scans.sh: line 112: `else'
[2026-02-25T17:40:00Z] trader cycle start (post_open)
Running tooling context check...
== Tooling Context Check ==
time_utc=2026-02-25T17:40:00Z
doc.TOOLING-RUNTIME-PLAYBOOK.md=ok
doc.AGENT-ROLE-CONTEXT.md=ok
doc.AGENT-SIGNAL-COMMANDS.md=ok
exec.run-all-scans.sh=ok
exec.check_agent_awareness.sh=ok
exec.trade_claim_guard.sh=ok
exec.polymarket_control.sh=ok
exec.full_pipeline_audit.sh=ok
py.signal_router.py=ok
py.quant_gate.py=ok
py.execution_worker.py=ok
py.execution_adapters.py=ok
py.execution_polymarket.py=ok
py.update_learning_feedback.py=ok
table.pipeline_signals=ok
table.signal_routes=ok
table.quant_validations=ok
table.execution_orders=ok
table.polymarket_orders=ok
table.trade_intents=ok
table.route_trade_links=ok
table.route_outcomes=ok
table.route_feedback_features=ok
table.input_feature_stats=ok
table.source_learning_stats=ok
table.strategy_learning_stats=ok
table.execution_learning=ok
table.execution_controls=ok
tooling_context=good
Running political monitor...
Running agent awareness check...
== Trader Agent Awareness Check ==
time_utc=2026-02-25T17:40:00Z
policy.execution_model=control_gated_db_truth
== Tooling Context Check ==
time_utc=2026-02-25T17:40:00Z
doc.TOOLING-RUNTIME-PLAYBOOK.md=ok
doc.AGENT-ROLE-CONTEXT.md=ok
doc.AGENT-SIGNAL-COMMANDS.md=ok
exec.run-all-scans.sh=ok
exec.check_agent_awareness.sh=ok
exec.trade_claim_guard.sh=ok
exec.polymarket_control.sh=ok
exec.full_pipeline_audit.sh=ok
py.signal_router.py=ok
py.quant_gate.py=ok
py.execution_worker.py=ok
py.execution_adapters.py=ok
py.execution_polymarket.py=ok
py.update_learning_feedback.py=ok
table.pipeline_signals=ok
table.signal_routes=ok
table.quant_validations=ok
table.execution_orders=ok
table.polymarket_orders=ok
table.trade_intents=ok
table.route_trade_links=ok
table.route_outcomes=ok
table.route_feedback_features=ok
table.input_feature_stats=ok
table.source_learning_stats=ok
table.strategy_learning_stats=ok
table.execution_learning=ok
table.execution_controls=ok
tooling_context=good

HL env keys present:
 - HL_WALLET_ADDRESS=<set>
 - HL_USE_TESTNET=<set>
 - HL_API_URL=<set>
 - HL_INFO_URL=<set>
 - HL_AGENT_PRIVATE_KEY=<missing: keychain>

Runtime probe:
/Users/curtiscorum/Library/Python/3.9/lib/python/site-packages/urllib3/__init__.py:35: NotOpenSSLWarning: urllib3 v2 only supports OpenSSL 1.1.1+, currently the 'ssl' module is compiled with 'LibreSSL 2.8.3'. See: https://github.com/urllib3/urllib3/issues/3020
  warnings.warn(
network=testnet
api_url=https://api.hyperliquid-testnet.xyz
info_url=https://api.hyperliquid-testnet.xyz/info
meta_ok=True
meta_msg=ok
universe_size=207
btc_listed=True

== Polymarket Awareness Check ==
control.enable_polymarket_auto=1
control.allow_polymarket_live=1
wallet.poly_wallet_address=0x9Eb04A1F9De67afe3252AAAE030671D01046405b
BAD: Polymarket API credentials missing (env/keychain)
BAD: allow_polymarket_live=1 but POLY_PRIVATE_KEY missing; runtime will fall back to paper
markets_age_min=77.33
candidates_age_min=77.33
orders_age_min=77.0
overall=bad

self_check=available
polymarket_control=available
role_context=available
full_audit_script=available
learning.approved_routes=79
learning.resolved_routes=184
learning.coverage_pct=232.91
learning.feature_rows=406
learning.feature_stats_rows=69

== Trade Claim Guard ==
time_utc=2026-02-25T17:40:03Z
control.agent_master_enabled=1
control.allow_live_trading=1
control.enable_alpaca_paper_auto=1
control.enable_hyperliquid_test_auto=1
control.allow_hyperliquid_live=0
control.enable_polymarket_auto=1
control.allow_polymarket_live=1
routes.approved_queued=0
orders.last_60m=0
warn=no approved queued routes
state=warn
trade_ready=false
overall=bad
═══════════════════════════════════════════════════
  TRADER CURTIS - COMPLETE SENTIMENT ANALYSIS
═══════════════════════════════════════════════════

🔍 SCANNING STOCKTWITS...

🔍 SCANNING REDDIT...

📰 RUNNING PIPELINE F (FINVIZ FREE RSS)...
Pipeline F (Finviz): tickers=40 headlines_inserted=60 external_signals=60

🔗 INGESTING BOOKMARK THESES (PIPELINE D)...
Pipeline D: processed 17 URLs, inserted 17 thesis records, promoted 0 ideas (promotion disabled)

🐦 RUNNING PIPELINE X (TRACKED HANDLE BRIDGE)...
PIPELINE_X_BRIDGE skipped: bird CLI not found

⚡ RUNNING PIPELINE A (LIQUIDITY SCALP)...
Pipeline A: created 0 scalp signals

📈 RUNNING CHART LIQUIDITY PIPELINE...
CHART_LIQUIDITY: created 14 directional signals

🧭 RUNNING PIPELINE H (KYLE WILLIAMS)...
Pipeline H (Kyle Williams): created 4 signals

👀 INGESTING TRACKED POLYMARKET WALLET ACTIVITY...
poly_wallet_ingest: wallets=1 activity_rows=30

🗳️ RUNNING POLYMARKET PIPELINE...
/Users/curtiscorum/Library/Python/3.9/lib/python/site-packages/urllib3/__init__.py:35: NotOpenSSLWarning: urllib3 v2 only supports OpenSSL 1.1.1+, currently the 'ssl' module is compiled with 'LibreSSL 2.8.3'. See: https://github.com/urllib3/urllib3/issues/3020
  warnings.warn(
POLYMARKET: fetched=500 stored=500 candidates=447

🌤️ RUNNING PIPELINE G (WEATHER PROBS)...
PIPELINE_G_WEATHER: markets_scored=0

🧬 RUNNING PIPELINE B (LONG-TERM INNOVATION)...
Pipeline B: created 13 long-term signals

🚀 RUNNING PIPELINE E (BREAKTHROUGHS)...
E_BREAKTHROUGH: feeds=6 fetched_items=484 new_events=1 new_signals=6

🚨 BUILDING EVENT ALERTS...
Event alert engine: inserted 2 alerts

🌍 RUNNING PIPELINE C (EVENT ALPHA)...
Pipeline C: created 2 event signals

🧠 BUILDING TRADE CANDIDATES...
INPUT_REWEIGHT updates=4 disabled=0 min_samples=5 floor=0.6 ceiling=1.6
Generated 84 trade candidates

🎯 ALIGNING HIGH-SIGNAL PLAYS TO POLYMARKET...
POLY_ALIGN: setups=0

🧮 BUILDING POLYMARKET MM SNAPSHOTS...
POLY_MM_V1: snapshots=0

🛡️ APPLYING EXECUTION GUARDS + ROUTING...
Routed 40 candidates (0 approved, 40 blocked) in paper mode

📤 EXECUTING APPROVED ROUTES (PAPER WORKER)...
Execution worker: processed 0 queued routes

🗳️ POLYMARKET EXECUTION...
POLY_EXEC_BACKEND=cli but cli binary missing; falling back to pyclob executor
POLYMARKET_EXECUTOR backend=cli live_fallback reason='missing POLY_PRIVATE_KEY for CLI signing'
POLYMARKET_EXECUTOR mode=paper candidates=8 executed=2 awaiting_approval=0 blocked=6 failed=0 synced=0

🔄 SYNCING ALPACA ORDER STATUS...
Alpaca sync: checked 44, updated 44, entry_upserts 38, backfilled_qty 0, fills_processed 0, fills_closed 0, fills_opened 0

📊 RANKING SOURCES...
Source ranker: scored 14 sources
wallet_score: scored 1 wallets

🧹 APPLYING TABLE RETENTION...
Maintenance: retention policy applied

🔐 SYNCING WALLET CONFIG...
wallet_config: synced

📚 UPDATING LEARNING FEEDBACK...
Learning feedback: cleaned 0 placeholders, backfilled 0 route links, snapshotted 273 route feature rows, resolved 0 new route outcomes, mtm_resolved 0, missed_resolved 0 (enabled=0), missed_cfg=min_age:6h max_age:168h max_candidates:60 max_lookups:180, horizon_resolved 0 (enabled=0 horizons=6,24,168,720,2160 min_age:2h max_routes:320 max_lookups:800), resolver_timeouts=http:5.0s mtm_max_runtime:120s missed_max_runtime:180s horizon_max_runtime:600s, horizon_source_stats=20, skip_heavy=1 force_missed=0 force_horizon=0, operational pnl backfilled 0, learning_scope=realized, refreshed 2 source stats (scope=realized), 2 strategy stats (scope=realized), 69 feature stats

🛠️ RUNNING AUTO-TUNER...
Auto-tuner (propose): control_recommendations=2, source_recommendations=0

🧾 TRADE CLAIM GUARD...
== Trade Claim Guard ==
time_utc=2026-02-25T17:44:44Z
control.agent_master_enabled=1
control.allow_live_trading=1
control.enable_alpaca_paper_auto=1
control.enable_hyperliquid_test_auto=1
control.allow_hyperliquid_live=0
control.enable_polymarket_auto=1
control.allow_polymarket_live=1
routes.approved_queued=0
orders.last_60m=0
warn=no approved queued routes
state=warn
trade_ready=false

🩺 PIPELINE DIGEST CHECK...
pipeline_digest_at_utc=2026-02-25T17:44:44Z
overall=bad
pipeline_signals_age_min=1.13
trade_candidates_age_min=
signal_routes_age_min=1.08
route_outcomes_age_min=101.37
pipeline_signals_24h=632
trade_candidates_24h=0
signal_routes_24h=615
execution_orders_24h=15
polymarket_orders_24h=157
route_outcomes_24h=173
pipeline_signals_state=good
trade_candidates_state=bad
signal_routes_state=good
route_outcomes_state=good
kaggle_enabled=1
kaggle_last_status=skipped:min_hours_gate
kaggle_last_success_utc=2026-02-25T07:00:52Z
mlx_enabled=1
mlx_last_status=ok
mlx_last_train_utc=2026-02-25T07:01:43Z
mlx_last_test_loss=5.468
grpo_readiness_state=warn
grpo_readiness_reasons=realized_lt_min;
horizon_enabled=0
horizon_rows=276

═══════════════════════════════════════════════════
  ANALYSIS COMPLETE
═══════════════════════════════════════════════════

=== Trader Cycle Summary ===
pipeline         new_rows
---------------  --------
B_LONGTERM       169     
CHART_LIQUIDITY  129     
C_EVENT          26      
E_BREAKTHROUGH   180     
KYLE_WILLIAMS    8       

decision  count
--------  -----
rejected  513  

status   count
-------  -----
blocked  513  

source_tag    sample_size  reliability_score
------------  -----------  -----------------
TestSource    3            100.0            
internal      10           86.0             
C_EVENT       24           75.18            
B_LONGTERM    37           67.57            
NoLimitGains  6            38.33            

[2026-02-25T17:44:45Z] trader cycle complete (post_open)
